c:\users\derp\documents\visual studio 2013\projects\ping hide\ping hide\release\vc120.pdb
c:\users\derp\documents\visual studio 2013\projects\ping hide\ping hide\release\myform.obj
c:\users\derp\documents\visual studio 2013\projects\ping hide\release\pinghide.exe
c:\users\derp\documents\visual studio 2013\projects\ping hide\release\pinghide.pdb
c:\users\derp\documents\visual studio 2013\projects\ping hide\ping hide\release\pinghide.myform.resources
c:\users\derp\documents\visual studio 2013\projects\ping hide\ping hide\release\resource.res
c:\users\derp\documents\visual studio 2013\projects\ping hide\ping hide\release\ping hide.vcxproj.generateresource.cache
c:\users\derp\documents\visual studio 2013\projects\ping hide\ping hide\release\ping hide.vcxprojresolveassemblyreference.cache
c:\users\derp\documents\visual studio 2013\projects\ping hide\ping hide\release\pinghide.tlog\cl.command.1.tlog
c:\users\derp\documents\visual studio 2013\projects\ping hide\ping hide\release\pinghide.tlog\cl.read.1.tlog
c:\users\derp\documents\visual studio 2013\projects\ping hide\ping hide\release\pinghide.tlog\cl.write.1.tlog
c:\users\derp\documents\visual studio 2013\projects\ping hide\ping hide\release\pinghide.tlog\link.command.1.tlog
c:\users\derp\documents\visual studio 2013\projects\ping hide\ping hide\release\pinghide.tlog\link.read.1.tlog
c:\users\derp\documents\visual studio 2013\projects\ping hide\ping hide\release\pinghide.tlog\link.write.1.tlog
c:\users\derp\documents\visual studio 2013\projects\ping hide\ping hide\release\pinghide.tlog\metagen.read.1.tlog
c:\users\derp\documents\visual studio 2013\projects\ping hide\ping hide\release\pinghide.tlog\metagen.write.1.tlog
c:\users\derp\documents\visual studio 2013\projects\ping hide\ping hide\release\pinghide.tlog\pinghide.write.1u.tlog
c:\users\derp\documents\visual studio 2013\projects\ping hide\ping hide\release\pinghide.tlog\rc.command.1.tlog
c:\users\derp\documents\visual studio 2013\projects\ping hide\ping hide\release\pinghide.tlog\rc.read.1.tlog
c:\users\derp\documents\visual studio 2013\projects\ping hide\ping hide\release\pinghide.tlog\rc.write.1.tlog
c:\users\derp\documents\visual studio 2013\projects\ping hide\ping hide\release\pinghide.tlog\tzres.dll.bi
